

Microchip MPLAB XC8 Assembler V3.00 build 20241204225717 
                                                                                               Fri Mar 07 23:46:25 2025

Microchip MPLAB XC8 C Compiler v3.00 (Free license) build 20241204225717 Og1 
     1                           	processor	16F722
     2                           	pagewidth 120
     3                           	opt	flic
     4                           	psect	cinit,global,class=CODE,space=0,merge=1,delta=2
     5                           	psect	cstackCOMMON,global,class=COMMON,space=1,delta=1,noexec
     6                           	psect	maintext,global,class=CODE,space=0,split=1,delta=2
     7                           	psect	config,global,abs,ovrld,class=CONFIG,space=4,delta=2,noexec
     8                           	dabs	1,0x7E,2
     9     0000                     
    10                           ; Generated 12/10/2023 GMT
    11                           ; 
    12                           ; Copyright © 2023, Microchip Technology Inc. and its subsidiaries ("Microchip")
    13                           ; All rights reserved.
    14                           ; 
    15                           ; This software is developed by Microchip Technology Inc. and its subsidiaries ("Microch
      +                          ip").
    16                           ; 
    17                           ; Redistribution and use in source and binary forms, with or without modification, are
    18                           ; permitted provided that the following conditions are met:
    19                           ; 
    20                           ;     1. Redistributions of source code must retain the above copyright notice, this lis
      +                          t of
    21                           ;        conditions and the following disclaimer.
    22                           ; 
    23                           ;     2. Redistributions in binary form must reproduce the above copyright notice, this 
      +                          list
    24                           ;        of conditions and the following disclaimer in the documentation and/or other
    25                           ;        materials provided with the distribution. Publication is not required when
    26                           ;        this file is used in an embedded application.
    27                           ; 
    28                           ;     3. Microchip's name may not be used to endorse or promote products derived from th
      +                          is
    29                           ;        software without specific prior written permission.
    30                           ; 
    31                           ; THIS SOFTWARE IS PROVIDED BY MICROCHIP "AS IS" AND ANY EXPRESS OR IMPLIED WARRANTIES,
    32                           ; INCLUDING, BUT NOT LIMITED TO, THE IMPLIED WARRANTIES OF MERCHANTABILITY AND FITNESS F
      +                          OR
    33                           ; PURPOSE ARE DISCLAIMED.  IN NO EVENT SHALL MICROCHIP BE LIABLE FOR ANY DIRECT, INDIREC
      +                          T,
    34                           ; INCIDENTAL, SPECIAL, EXEMPLARY, OR CONSEQUENTIAL DAMAGES (INCLUDING BUT NOT LIMITED TO
    35                           ; PROCUREMENT OF SUBSTITUTE GOODS OR SERVICES; LOSS OF USE, DATA OR PROFITS; OR BUSINESS
    36                           ; INTERRUPTION) HOWSOEVER CAUSED AND ON ANY THEORY OF LIABILITY, WHETHER IN CONTRACT, ST
      +                          RICT
    37                           ; LIABILITY, OR TORT (INCLUDING NEGLIGENCE OR OTHERWISE) ARISING IN ANY WAY OUT OF THE U
      +                          SE OF
    38                           ; THIS SOFTWARE, EVEN IF ADVISED OF THE POSSIBILITY OF SUCH DAMAGE.
    39                           ; 
    40                           ; 
    41                           ; Code-generator required, PIC16F722 Definitions
    42                           ; 
    43                           ; SFR Addresses
    44     0004                     fsr             equ	4
    45     0004                     fsr0            equ	4
    46     0000                     indf            equ	0
    47     0000                     indf0           equ	0
    48     0002                     pc              equ	2
    49     0002                     pcl             equ	2
    50     000A                     pclath          equ	10
    51     0003                     status          equ	3
    52     0000                     INDF            equ	0	;# 
    53     0001                     TMR0            equ	1	;# 
    54     0002                     PCL             equ	2	;# 
    55     0003                     STATUS          equ	3	;# 
    56     0004                     FSR             equ	4	;# 
    57     0005                     PORTA           equ	5	;# 
    58     0006                     PORTB           equ	6	;# 
    59     0007                     PORTC           equ	7	;# 
    60     0009                     PORTE           equ	9	;# 
    61     000A                     PCLATH          equ	10	;# 
    62     000B                     INTCON          equ	11	;# 
    63     000C                     PIR1            equ	12	;# 
    64     000D                     PIR2            equ	13	;# 
    65     000E                     TMR1            equ	14	;# 
    66     000E                     TMR1L           equ	14	;# 
    67     000F                     TMR1H           equ	15	;# 
    68     0010                     T1CON           equ	16	;# 
    69     0011                     TMR2            equ	17	;# 
    70     0012                     T2CON           equ	18	;# 
    71     0013                     SSPBUF          equ	19	;# 
    72     0014                     SSPCON          equ	20	;# 
    73     0015                     CCPR1           equ	21	;# 
    74     0015                     CCPR1L          equ	21	;# 
    75     0016                     CCPR1H          equ	22	;# 
    76     0017                     CCP1CON         equ	23	;# 
    77     0018                     RCSTA           equ	24	;# 
    78     0019                     TXREG           equ	25	;# 
    79     001A                     RCREG           equ	26	;# 
    80     001B                     CCPR2           equ	27	;# 
    81     001B                     CCPR2L          equ	27	;# 
    82     001C                     CCPR2H          equ	28	;# 
    83     001D                     CCP2CON         equ	29	;# 
    84     001E                     ADRES           equ	30	;# 
    85     001F                     ADCON0          equ	31	;# 
    86     0081                     OPTION_REG      equ	129	;# 
    87     0085                     TRISA           equ	133	;# 
    88     0086                     TRISB           equ	134	;# 
    89     0087                     TRISC           equ	135	;# 
    90     0089                     TRISE           equ	137	;# 
    91     008C                     PIE1            equ	140	;# 
    92     008D                     PIE2            equ	141	;# 
    93     008E                     PCON            equ	142	;# 
    94     008F                     T1GCON          equ	143	;# 
    95     0090                     OSCCON          equ	144	;# 
    96     0091                     OSCTUNE         equ	145	;# 
    97     0092                     PR2             equ	146	;# 
    98     0093                     SSPADD          equ	147	;# 
    99     0093                     SSPMSK          equ	147	;# 
   100     0094                     SSPSTAT         equ	148	;# 
   101     0095                     WPUB            equ	149	;# 
   102     0095                     WPU             equ	149	;# 
   103     0096                     IOCB            equ	150	;# 
   104     0096                     IOC             equ	150	;# 
   105     0098                     TXSTA           equ	152	;# 
   106     0099                     SPBRG           equ	153	;# 
   107     009C                     APFCON          equ	156	;# 
   108     009D                     FVRCON          equ	157	;# 
   109     009F                     ADCON1          equ	159	;# 
   110     0108                     CPSCON0         equ	264	;# 
   111     0109                     CPSCON1         equ	265	;# 
   112     010C                     PMDATL          equ	268	;# 
   113     010C                     PMDATA          equ	268	;# 
   114     010D                     PMADRL          equ	269	;# 
   115     010D                     PMADR           equ	269	;# 
   116     010E                     PMDATH          equ	270	;# 
   117     010F                     PMADRH          equ	271	;# 
   118     0185                     ANSELA          equ	389	;# 
   119     0186                     ANSELB          equ	390	;# 
   120     018C                     PMCON1          equ	396	;# 
   121     0030                     _RB0            set	48
   122     0430                     _TRISB0         set	1072
   123                           
   124                           	psect	cinit
   125     07FE                     start_initialization:	
   126                           ; #config settings
   127                           
   128     07FE                     __initialization:
   129     07FE                     end_of_initialization:	
   130                           ;End of C runtime variable initialization code
   131                           
   132     07FE                     __end_of__initialization:
   133     07FE  0183               	clrf	3
   134     07FF  2FD9               	ljmp	_main	;jump to C main() function
   135                           
   136                           	psect	cstackCOMMON
   137     0070                     __pcstackCOMMON:
   138     0070                     ?_main:
   139     0070                     ??_main:	
   140                           ; 1 bytes @ 0x0
   141                           
   142                           
   143                           ; 1 bytes @ 0x0
   144     0070                     	ds	3
   145                           
   146                           	psect	maintext
   147     07D9                     __pmaintext:	
   148 ;;
   149 ;;Main: autosize = 0, tempsize = 3, incstack = 0, save=0
   150 ;;
   151 ;; *************** function _main *****************
   152 ;; Defined at:
   153 ;;		line 13 in file "main.c"
   154 ;; Parameters:    Size  Location     Type
   155 ;;		None
   156 ;; Auto vars:     Size  Location     Type
   157 ;;		None
   158 ;; Return value:  Size  Location     Type
   159 ;;                  1    wreg      void 
   160 ;; Registers used:
   161 ;;		wreg
   162 ;; Tracked objects:
   163 ;;		On entry : B00/0
   164 ;;		On exit  : 0/0
   165 ;;		Unchanged: 0/0
   166 ;; Data sizes:     COMMON   BANK0   BANK1
   167 ;;      Params:         0       0       0
   168 ;;      Locals:         0       0       0
   169 ;;      Temps:          3       0       0
   170 ;;      Totals:         3       0       0
   171 ;;Total ram usage:        3 bytes
   172 ;; This function calls:
   173 ;;		Nothing
   174 ;; This function is called by:
   175 ;;		Startup code after reset
   176 ;; This function uses a non-reentrant model
   177 ;;
   178                           
   179     07D9                     _main:	
   180                           ;psect for function _main
   181                           
   182     07D9                     l476:	
   183                           ;incstack = 0
   184                           ; Regs used in _main: [wreg]
   185                           
   186     07D9  1683               	bsf	3,5	;RP0=1, select bank1
   187     07DA  1303               	bcf	3,6	;RP1=0, select bank1
   188     07DB  1006               	bcf	6,0	;volatile
   189     07DC                     l11:
   190     07DC  1283               	bcf	3,5	;RP0=0, select bank0
   191     07DD  1303               	bcf	3,6	;RP1=0, select bank0
   192     07DE  1406               	bsf	6,0	;volatile
   193     07DF                     l478:
   194     07DF  3003               	movlw	3
   195     07E0  00F2               	movwf	??_main+2
   196     07E1  308A               	movlw	138
   197     07E2  00F1               	movwf	??_main+1
   198     07E3  3055               	movlw	85
   199     07E4  00F0               	movwf	??_main
   200     07E5                     u17:
   201     07E5  0BF0               	decfsz	??_main,f
   202     07E6  2FE5               	goto	u17
   203     07E7  0BF1               	decfsz	??_main+1,f
   204     07E8  2FE5               	goto	u17
   205     07E9  0BF2               	decfsz	??_main+2,f
   206     07EA  2FE5               	goto	u17
   207     07EB  2FEC               	nop2
   208     07EC                     l480:
   209     07EC  1283               	bcf	3,5	;RP0=0, select bank0
   210     07ED  1303               	bcf	3,6	;RP1=0, select bank0
   211     07EE  1006               	bcf	6,0	;volatile
   212     07EF  3003               	movlw	3
   213     07F0  00F2               	movwf	??_main+2
   214     07F1  308A               	movlw	138
   215     07F2  00F1               	movwf	??_main+1
   216     07F3  3055               	movlw	85
   217     07F4  00F0               	movwf	??_main
   218     07F5                     u27:
   219     07F5  0BF0               	decfsz	??_main,f
   220     07F6  2FF5               	goto	u27
   221     07F7  0BF1               	decfsz	??_main+1,f
   222     07F8  2FF5               	goto	u27
   223     07F9  0BF2               	decfsz	??_main+2,f
   224     07FA  2FF5               	goto	u27
   225     07FB  2FFC               	nop2
   226     07FC  2FDC               	goto	l11
   227     07FD  2800               	ljmp	start
   228     07FE                     __end_of_main:
   229     0000                     ___latbits      equ	0
   230     007E                     btemp           set	126	;btemp
   231     007E                     wtemp0          set	126
   232                           
   233                           	psect	config
   234                           
   235                           ;Config register CONFIG1 @ 0x2007
   236                           ;	Oscillator Selection bits
   237                           ;	FOSC = INTOSCIO, INTOSCIO oscillator: I/O function on RA6/OSC2/CLKOUT pin, I/O functio
      +                          n on RA7/OSC1/CLKIN
   238                           ;	Watchdog Timer Enable bit
   239                           ;	WDTE = OFF, WDT disabled and can be enabled by SWDTEN bit of the WDTCON register
   240                           ;	Power-up Timer Enable bit
   241                           ;	PWRTE = OFF, PWRT disabled
   242                           ;	RE3/MCLR pin function select bit
   243                           ;	MCLRE = ON, RE3/MCLR pin function is MCLR
   244                           ;	Code Protection bit
   245                           ;	CP = OFF, Program memory code protection is disabled
   246                           ;	Brown-out Reset Selection bits
   247                           ;	BOREN = OFF, BOR disabled
   248                           ;	Brown-out Reset Voltage selection bit
   249                           ;	BORV = 0x1, unprogrammed default
   250                           ;	INTOSC PLLEN Enable Bit
   251                           ;	PLLEN = 0x1, unprogrammed default
   252                           ;	In-Circuit Debugger Mode bit
   253                           ;	DEBUG = 0x1, unprogrammed default
   254     2007                     	org	8199
   255     2007  3CF4               	dw	15604

Data Sizes:
    Strings     0
    Constant    0
    Data        0
    BSS         0
    Persistent  0
    Stack       0

Auto Spaces:
    Space          Size  Autos    Used
    COMMON           14      3       3
    BANK0            80      0       0
    BANK1            32      0       0

Pointer List with Targets:

    None.

Critical Paths under _main in COMMON

    None.

Critical Paths under _main in BANK0

    None.

Critical Paths under _main in BANK1

    None.

Call Graph Tables:

 ---------------------------------------------------------------------------------
 (Depth) Function   	        Calls       Base Space   Used Autos Params    Refs
 ---------------------------------------------------------------------------------
 (0) _main                                                 3     3      0       0
                                              0 COMMON     3     3      0
 ---------------------------------------------------------------------------------
 Estimated maximum stack depth 0
 ---------------------------------------------------------------------------------

 Call Graph Graphs:

 _main (ROOT)

Address spaces:
Name               Size   Autos  Total    Usage
BITCOMMON           14      0       0      0.0%
BITBANK0            80      0       0      0.0%
BITBANK1            32      0       0      0.0%
COMMON              14      3       3     21.4%
BANK0               80      0       0      0.0%
BANK1               32      0       0      0.0%
STACK                0      0       0      0.0%
DATA                 0      0       3      0.0%


Microchip Technology PIC Macro Assembler V3.00 build 20241204225717 
Symbol Table                                                                                   Fri Mar 07 23:46:25 2025

                     l11 07DC                       u17 07E5                       u27 07F5  
                    l480 07EC                      l476 07D9                      l478 07DF  
                    _RB0 0030                     _main 07D9                     btemp 007E  
                   start 0000                    ?_main 0070                    status 0003  
                  wtemp0 007E          __initialization 07FE             __end_of_main 07FE  
                 ??_main 0070                   _TRISB0 0430  __end_of__initialization 07FE  
         __pcstackCOMMON 0070               __pmaintext 07D9     end_of_initialization 07FE  
    start_initialization 07FE                ___latbits 0000  
